Traceback (most recent call last):
  File "/opt/hostedtoolcache/Python/3.8.9/x64/lib/python3.8/site-packages/jupyter_cache/executors/utils.py", line 51, in single_nb_execution
    executenb(
  File "/opt/hostedtoolcache/Python/3.8.9/x64/lib/python3.8/site-packages/nbclient/client.py", line 1112, in execute
    return NotebookClient(nb=nb, resources=resources, km=km, **kwargs).execute()
  File "/opt/hostedtoolcache/Python/3.8.9/x64/lib/python3.8/site-packages/nbclient/util.py", line 74, in wrapped
    return just_run(coro(*args, **kwargs))
  File "/opt/hostedtoolcache/Python/3.8.9/x64/lib/python3.8/site-packages/nbclient/util.py", line 53, in just_run
    return loop.run_until_complete(coro)
  File "/opt/hostedtoolcache/Python/3.8.9/x64/lib/python3.8/asyncio/base_events.py", line 616, in run_until_complete
    return future.result()
  File "/opt/hostedtoolcache/Python/3.8.9/x64/lib/python3.8/site-packages/nbclient/client.py", line 553, in async_execute
    await self.async_execute_cell(
  File "/opt/hostedtoolcache/Python/3.8.9/x64/lib/python3.8/site-packages/nbclient/client.py", line 857, in async_execute_cell
    self._check_raise_for_error(cell, exec_reply)
  File "/opt/hostedtoolcache/Python/3.8.9/x64/lib/python3.8/site-packages/nbclient/client.py", line 760, in _check_raise_for_error
    raise CellExecutionError.from_cell_and_msg(cell, exec_reply_content)
nbclient.exceptions.CellExecutionError: An error occurred while executing the following cell:
------------------
    download_string = "https://www.agrometeo.ch/de/meteorologie/data?stations=190&sensors=1%3Aavg&scale=hour&groupBy=station"
    readTable = pd.read_html(download_string, header=0, skiprows=1)
    df = pd.DataFrame(readTable[0])
    df.head()
------------------

[0;31m---------------------------------------------------------------------------[0m
[0;31mImportError[0m                               Traceback (most recent call last)
[0;32m<ipython-input-2-5d636652dfc1>[0m in [0;36m<module>[0;34m[0m
[1;32m      1[0m [0mdownload_string[0m [0;34m=[0m [0;34m"https://www.agrometeo.ch/de/meteorologie/data?stations=190&sensors=1%3Aavg&scale=hour&groupBy=station"[0m[0;34m[0m[0;34m[0m[0m
[0;32m----> 2[0;31m [0mreadTable[0m [0;34m=[0m [0mpd[0m[0;34m.[0m[0mread_html[0m[0;34m([0m[0mdownload_string[0m[0;34m,[0m [0mheader[0m[0;34m=[0m[0;36m0[0m[0;34m,[0m [0mskiprows[0m[0;34m=[0m[0;36m1[0m[0;34m)[0m[0;34m[0m[0;34m[0m[0m
[0m[1;32m      3[0m [0mdf[0m [0;34m=[0m [0mpd[0m[0;34m.[0m[0mDataFrame[0m[0;34m([0m[0mreadTable[0m[0;34m[[0m[0;36m0[0m[0;34m][0m[0;34m)[0m[0;34m[0m[0;34m[0m[0m
[1;32m      4[0m [0mdf[0m[0;34m.[0m[0mhead[0m[0;34m([0m[0;34m)[0m[0;34m[0m[0;34m[0m[0m

[0;32m/opt/hostedtoolcache/Python/3.8.9/x64/lib/python3.8/site-packages/pandas/util/_decorators.py[0m in [0;36mwrapper[0;34m(*args, **kwargs)[0m
[1;32m    297[0m                 )
[1;32m    298[0m                 [0mwarnings[0m[0;34m.[0m[0mwarn[0m[0;34m([0m[0mmsg[0m[0;34m,[0m [0mFutureWarning[0m[0;34m,[0m [0mstacklevel[0m[0;34m=[0m[0mstacklevel[0m[0;34m)[0m[0;34m[0m[0;34m[0m[0m
[0;32m--> 299[0;31m             [0;32mreturn[0m [0mfunc[0m[0;34m([0m[0;34m*[0m[0margs[0m[0;34m,[0m [0;34m**[0m[0mkwargs[0m[0;34m)[0m[0;34m[0m[0;34m[0m[0m
[0m[1;32m    300[0m [0;34m[0m[0m
[1;32m    301[0m         [0;32mreturn[0m [0mwrapper[0m[0;34m[0m[0;34m[0m[0m

[0;32m/opt/hostedtoolcache/Python/3.8.9/x64/lib/python3.8/site-packages/pandas/io/html.py[0m in [0;36mread_html[0;34m(io, match, flavor, header, index_col, skiprows, attrs, parse_dates, thousands, encoding, decimal, converters, na_values, keep_default_na, displayed_only)[0m
[1;32m   1083[0m     [0mio[0m [0;34m=[0m [0mstringify_path[0m[0;34m([0m[0mio[0m[0;34m)[0m[0;34m[0m[0;34m[0m[0m
[1;32m   1084[0m [0;34m[0m[0m
[0;32m-> 1085[0;31m     return _parse(
[0m[1;32m   1086[0m         [0mflavor[0m[0;34m=[0m[0mflavor[0m[0;34m,[0m[0;34m[0m[0;34m[0m[0m
[1;32m   1087[0m         [0mio[0m[0;34m=[0m[0mio[0m[0;34m,[0m[0;34m[0m[0;34m[0m[0m

[0;32m/opt/hostedtoolcache/Python/3.8.9/x64/lib/python3.8/site-packages/pandas/io/html.py[0m in [0;36m_parse[0;34m(flavor, io, match, attrs, encoding, displayed_only, **kwargs)[0m
[1;32m    887[0m     [0mretained[0m [0;34m=[0m [0;32mNone[0m[0;34m[0m[0;34m[0m[0m
[1;32m    888[0m     [0;32mfor[0m [0mflav[0m [0;32min[0m [0mflavor[0m[0;34m:[0m[0;34m[0m[0;34m[0m[0m
[0;32m--> 889[0;31m         [0mparser[0m [0;34m=[0m [0m_parser_dispatch[0m[0;34m([0m[0mflav[0m[0;34m)[0m[0;34m[0m[0;34m[0m[0m
[0m[1;32m    890[0m         [0mp[0m [0;34m=[0m [0mparser[0m[0;34m([0m[0mio[0m[0;34m,[0m [0mcompiled_match[0m[0;34m,[0m [0mattrs[0m[0;34m,[0m [0mencoding[0m[0;34m,[0m [0mdisplayed_only[0m[0;34m)[0m[0;34m[0m[0;34m[0m[0m
[1;32m    891[0m [0;34m[0m[0m

[0;32m/opt/hostedtoolcache/Python/3.8.9/x64/lib/python3.8/site-packages/pandas/io/html.py[0m in [0;36m_parser_dispatch[0;34m(flavor)[0m
[1;32m    844[0m     [0;32melse[0m[0;34m:[0m[0;34m[0m[0;34m[0m[0m
[1;32m    845[0m         [0;32mif[0m [0;32mnot[0m [0m_HAS_LXML[0m[0;34m:[0m[0;34m[0m[0;34m[0m[0m
[0;32m--> 846[0;31m             [0;32mraise[0m [0mImportError[0m[0;34m([0m[0;34m"lxml not found, please install it"[0m[0;34m)[0m[0;34m[0m[0;34m[0m[0m
[0m[1;32m    847[0m     [0;32mreturn[0m [0m_valid_parsers[0m[0;34m[[0m[0mflavor[0m[0;34m][0m[0;34m[0m[0;34m[0m[0m
[1;32m    848[0m [0;34m[0m[0m

[0;31mImportError[0m: lxml not found, please install it
ImportError: lxml not found, please install it

